<?xml version="1.0" encoding="UTF-8"?>
<Site BuildName="(empty)"
	BuildStamp="20230729-2330-Experimental"
	Name="(empty)"
	Generator="ctest-3.27.0"
	CompilerName=""
	CompilerVersion=""
	OSName="Windows"
	Hostname="L-PT-5CG14591HT"
	OSRelease=" Professional"
	OSVersion=" (Build 22000)"
	OSPlatform="AMD64"
	Is64Bits="1"
	VendorString="GenuineIntel"
	VendorID="Intel Corporation"
	FamilyID="6"
	ModelID="12"
	ProcessorCacheSize="-1"
	NumberOfLogicalCPU="8"
	NumberOfPhysicalCPU="4"
	TotalVirtualMemory="18496"
	TotalPhysicalMemory="16064"
	LogicalProcessorsPerPhysical="2"
	ProcessorClockFrequency="2611"
	>
	<Testing>
		<StartDateTime>Jul 30 00:30 GMT Daylight Time</StartDateTime>
		<StartTestTime>1690673446</StartTestTime>
		<TestList/>
		<EndDateTime>Jul 30 00:30 GMT Daylight Time</EndDateTime>
		<EndTestTime>1690673446</EndTestTime>
		<ElapsedMinutes>0</ElapsedMinutes>
	</Testing>
</Site>
